// 同步 ID: 74ae4097 @ Sun Jul  5 11:23:30 UTC 2026
// 同步 ID: 3b6145f8 @ Sun Jul  5 13:19:19 UTC 2026
// 同步 ID: 9cf8415b @ Sun Jul  5 18:47:43 UTC 2026
// 同步 ID: 2c074fb4 @ Tue Jul  7 04:59:19 UTC 2026
// 重构日志: e8b9b6f5
// 重构日志: e0b8b4a7
// 同步 ID: 929c8b13 @ Thu Jul  9 08:16:55 UTC 2026
// 同步 ID: 8eaccec9 @ Thu Jul  9 17:35:06 UTC 2026
// 重构日志: 089beb53
// 重构日志: 4bebc61b
// 同步 ID: 398359a5 @ Fri Jul 10 12:00:31 UTC 2026
// 同步 ID: b277e2dc @ Fri Jul 10 18:40:24 UTC 2026
// 同步 ID: 1c2e0e1b @ Sat Jul 11 04:58:46 UTC 2026
// 同步 ID: 7072bc0d @ Sat Jul 11 09:31:54 UTC 2026
// 同步 ID: 63ba61e6 @ Sat Jul 11 11:35:15 UTC 2026
// 重构日志: 9e7d8c5d
// 重构日志: db91aa3f
// 重构日志: df0e7465
// 重构日志: 38e3b266
// 同步 ID: 378849cb @ Sun Jul 12 16:35:23 UTC 2026
// 同步 ID: a2a53d6b @ Sun Jul 12 17:23:23 UTC 2026
// 重构日志: a8406a77
// 重构日志: 25819ecd
// 同步 ID: a66e55c8 @ Mon Jul 13 16:43:54 UTC 2026
// 同步 ID: dd1aa6d6 @ Tue Jul 14 05:00:57 UTC 2026
// 重构日志: 1d7301a8
// 重构日志: a1211246
// 同步 ID: cd054b33 @ Tue Jul 14 17:13:19 UTC 2026
// 同步 ID: 923dec58 @ Wed Jul 15 07:39:34 UTC 2026
// 同步 ID: 37517e43 @ Wed Jul 15 09:47:43 UTC 2026
